[debug] > Exec(early(addDefaultCommands), None, None)
[debug] > Exec(addDefaultCommands, None, None)
[debug] > Exec(early(initialize), None, None)
[debug] > Exec(initialize, None, None)
[debug] > Exec(boot, None, None)
[debug] > Exec(writeSbtVersion, None, None)
[debug] > Exec(reload, None, None)
[debug] > Exec(sbtStashOnFailure, None, None)
[debug] > Exec(onFailure loadFailed, None, None)
[debug] > Exec(loadp, None, None)
[info] welcome to sbt 1.7.3 (Oracle Corporation Java 15.0.1)
[debug] Load.defaultLoad until apply took 110.111176ms
[debug]           Load.loadUnit: plugins took 80.31889ms
[debug]           Load.loadUnit: defsScala took 0.420368ms
[debug] [Loading] Scanning directory /Users/jiale/Downloads/Sunway_Code/OOP_Assignment_4/project
[debug] [Loading] Found non-root projects 
[debug] [Loading] Done in /Users/jiale/Downloads/Sunway_Code/OOP_Assignment_4/project, returning: ()
[debug] deducing auto plugins based on known facts Set(Atom(sbt.plugins.CorePlugin)) and clauses Clauses(Clause(Atom(sbt.plugins.JvmPlugin),Set(Atom(sbt.plugins.IvyPlugin)))
[debug] Clause(Atom(sbt.ScriptedPlugin),Set(Atom(sbt.plugins.JvmPlugin)))
[debug] Clause(Atom(sbt.plugins.SbtPlugin),Set(Atom(sbt.ScriptedPlugin)))
[debug] Clause(Atom(sbt.plugins.SemanticdbPlugin),Set(Atom(sbt.plugins.JvmPlugin)))
[debug] Clause(Atom(sbt.plugins.JUnitXmlReportPlugin),Set(Atom(sbt.plugins.JvmPlugin)))
[debug] Clause(Atom(sbt.plugins.MiniDependencyTreePlugin),Set(Atom(sbt.plugins.JvmPlugin)))
[debug] Clause(Atom(sbt.plugins.CorePlugin),Set(Atom(sbt.plugins.IvyPlugin)))
[debug] Clause(Atom(sbt.plugins.IvyPlugin),Set(Atom(sbt.plugins.JvmPlugin)))
[debug] Clause(Atom(sbt.plugins.JvmPlugin),Set(Atom(sbt.plugins.SemanticdbPlugin)))
[debug] Clause(Atom(sbt.plugins.JvmPlugin),Set(Atom(sbt.plugins.JUnitXmlReportPlugin)))
[debug] Clause(Atom(sbt.plugins.CorePlugin),Set(Atom(sbt.plugins.Giter8TemplatePlugin)))
[debug] Clause(Atom(sbt.plugins.JvmPlugin),Set(Atom(sbt.plugins.MiniDependencyTreePlugin))))
[debug]   :: deduced result: Matched(sbt.plugins.CorePlugin,sbt.plugins.Giter8TemplatePlugin,sbt.plugins.IvyPlugin,sbt.plugins.JvmPlugin,sbt.plugins.MiniDependencyTreePlugin,sbt.plugins.JUnitXmlReportPlugin,sbt.plugins.SemanticdbPlugin)
[debug] Plugins.deducer#function took 18.353111 ms
[debug]               Load.resolveProject(oop_assignment_4-build) took 50.974381ms
[debug]             Load.loadTransitive: finalizeProject(Project(id oop_assignment_4-build, base: /Users/jiale/Downloads/Sunway_Code/OOP_Assignment_4/project, plugins: List(<none>))) took 90.200946ms
[debug] [Loading] Done in /Users/jiale/Downloads/Sunway_Code/OOP_Assignment_4/project, returning: (oop_assignment_4-build)
[debug]           Load.loadUnit: loadedProjectsRaw took 111.197588ms
[debug]           Load.loadUnit: cleanEvalClasses took 0.342286ms
[debug]         Load.loadUnit(file:/Users/jiale/Downloads/Sunway_Code/OOP_Assignment_4/project/, ...) took 199.81414ms
[debug]       Load.apply: load took 483.120117ms
[debug]       Load.apply: resolveProjects took 7.032665ms
[debug]       Load.apply: finalTransforms took 80.940888ms
[debug]       Load.apply: config.delegates took 7.866503ms
[debug]       Load.apply: Def.make(settings)... took 461.495228ms
[debug]       Load.apply: structureIndex took 106.213687ms
[debug]       Load.apply: mkStreams took 1.476457ms
[info] loading project definition from /Users/jiale/Downloads/Sunway_Code/OOP_Assignment_4/project
[debug] Running task... Cancel: Signal, check cycles: false, forcegc: true
[debug]     Load.loadUnit: plugins took 1872.780927ms
[debug]     Load.loadUnit: defsScala took 0.004617ms
[debug] [Loading] Scanning directory /Users/jiale/Downloads/Sunway_Code/OOP_Assignment_4
[debug]       Load.loadUnit: mkEval took 4.56483ms
[debug] [Loading] Found non-root projects 
[debug] [Loading] Done in /Users/jiale/Downloads/Sunway_Code/OOP_Assignment_4, returning: ()
[debug] deducing auto plugins based on known facts Set(Atom(sbt.plugins.CorePlugin)) and clauses Clauses(Clause(Atom(sbt.plugins.JvmPlugin),Set(Atom(sbt.plugins.IvyPlugin)))
[debug] Clause(Atom(sbt.ScriptedPlugin),Set(Atom(sbt.plugins.JvmPlugin)))
[debug] Clause(Atom(sbt.plugins.SbtPlugin),Set(Atom(sbt.ScriptedPlugin)))
[debug] Clause(Atom(sbt.plugins.SemanticdbPlugin),Set(Atom(sbt.plugins.JvmPlugin)))
[debug] Clause(Atom(sbt.plugins.JUnitXmlReportPlugin),Set(Atom(sbt.plugins.JvmPlugin)))
[debug] Clause(Atom(sbt.plugins.MiniDependencyTreePlugin),Set(Atom(sbt.plugins.JvmPlugin)))
[debug] Clause(Atom(sbt.plugins.CorePlugin),Set(Atom(sbt.plugins.IvyPlugin)))
[debug] Clause(Atom(sbt.plugins.IvyPlugin),Set(Atom(sbt.plugins.JvmPlugin)))
[debug] Clause(Atom(sbt.plugins.JvmPlugin),Set(Atom(sbt.plugins.SemanticdbPlugin)))
[debug] Clause(Atom(sbt.plugins.JvmPlugin),Set(Atom(sbt.plugins.JUnitXmlReportPlugin)))
[debug] Clause(Atom(sbt.plugins.CorePlugin),Set(Atom(sbt.plugins.Giter8TemplatePlugin)))
[debug] Clause(Atom(sbt.plugins.JvmPlugin),Set(Atom(sbt.plugins.MiniDependencyTreePlugin))))
[debug]   :: deduced result: Matched(sbt.plugins.CorePlugin,sbt.plugins.Giter8TemplatePlugin,sbt.plugins.IvyPlugin,sbt.plugins.JvmPlugin,sbt.plugins.MiniDependencyTreePlugin,sbt.plugins.JUnitXmlReportPlugin,sbt.plugins.SemanticdbPlugin)
[debug] Plugins.deducer#function took 1.614587 ms
[info] loading settings for project oop_assignment_4 from build.sbt ...
[debug]         Load.resolveProject(oop_assignment_4) took 2.156322ms
[debug]       Load.loadTransitive: finalizeProject(Project(id oop_assignment_4, base: /Users/jiale/Downloads/Sunway_Code/OOP_Assignment_4, plugins: List(<none>))) took 4.280345ms
[debug] [Loading] Done in /Users/jiale/Downloads/Sunway_Code/OOP_Assignment_4, returning: (oop_assignment_4)
[debug]     Load.loadUnit: loadedProjectsRaw took 2857.806727ms
[debug]     Load.loadUnit: cleanEvalClasses took 7.29523ms
[debug]   Load.loadUnit(file:/Users/jiale/Downloads/Sunway_Code/OOP_Assignment_4/, ...) took 4739.381654ms
[debug] Load.apply: load took 4762.479155ms
[debug] Load.apply: resolveProjects took 0.093073ms
[debug] Load.apply: finalTransforms took 9.652109ms
[debug] Load.apply: config.delegates took 0.36856ms
[debug] Load.apply: Def.make(settings)... took 65.065867ms
[debug] Load.apply: structureIndex took 24.779159ms
[debug] Load.apply: mkStreams took 0.001955ms
[info] set current project to BillSplitterApp (in build file:/Users/jiale/Downloads/Sunway_Code/OOP_Assignment_4/)
[debug] > Exec(sbtPopOnFailure, None, None)
[debug] > Exec(resumeFromFailure, None, None)
[debug] > Exec(notifyUsersAboutShell, None, None)
[debug] > Exec(iflast shell, None, None)
[debug] > Exec(shell, None, None)
[info] sbt server started at local:///Users/jiale/.sbt/1.0/server/c0ccb8c40b7ff0dccd17/sock
[debug] Writing bsp connection file
[info] started sbt server
